vertical_prototype/Vertical Prototype/build/app/intermediates/manifest_merge_blame_file/release/manifest-merger-blame-release-report.txt
1<?xml version="1.0" encoding="utf-8"?>
2<manifest xmlns:android="http://schemas.android.com/apk/res/android"
3    package="com.example.first_app"
4    android:versionCode="1"
5    android:versionName="1.0.0" >
6
7    <uses-sdk
8        android:minSdkVersion="21"
8-->src/main/AndroidManifest.xml
9        android:targetSdkVersion="34" />
9-->src/main/AndroidManifest.xml
10    <!--
11         Required to query activities that can process text, see:
12         https://developer.android.com/training/package-visibility?hl=en and
13         https://developer.android.com/reference/android/content/Intent#ACTION_PROCESS_TEXT.
14
15         In particular, this is used by the Flutter engine in io.flutter.plugin.text.ProcessTextPlugin.
16    -->
17    <queries>
17-->src/main/AndroidManifest.xml:40:5-45:15
18        <intent>
18-->src/main/AndroidManifest.xml:41:9-44:18
19            <action android:name="android.intent.action.PROCESS_TEXT" />
19-->src/main/AndroidManifest.xml:42:13-72
19-->src/main/AndroidManifest.xml:42:21-70
20
21            <data android:mimeType="text/plain" />
21-->src/main/AndroidManifest.xml:43:13-50
21-->src/main/AndroidManifest.xml:43:19-48
22        </intent>
23        <!-- Needs to be explicitly declared on Android R+ -->
24        <package android:name="com.google.android.apps.maps" />
24-->[com.google.android.gms:play-services-maps:18.2.0] AndroidManifest.xml:33:9-64
24-->[com.google.android.gms:play-services-maps:18.2.0] AndroidManifest.xml:33:18-61
25    </queries>
26
27    <uses-permission android:name="android.permission.INTERNET" />
27-->[:firebase_messaging] AndroidManifest.xml:9:5-67
27-->[:firebase_messaging] AndroidManifest.xml:9:22-64
28    <uses-permission android:name="android.permission.WAKE_LOCK" />
28-->[:firebase_messaging] AndroidManifest.xml:10:5-68
28-->[:firebase_messaging] AndroidManifest.xml:10:22-65
29    <uses-permission android:name="android.permission.ACCESS_NETWORK_STATE" /> <!-- Permissions options for the `notification` group -->
29-->[:firebase_messaging] AndroidManifest.xml:11:5-79
29-->[:firebase_messaging] AndroidManifest.xml:11:22-76
30    <uses-permission android:name="android.permission.POST_NOTIFICATIONS" />
30-->[:firebase_messaging] AndroidManifest.xml:13:5-77
30-->[:firebase_messaging] AndroidManifest.xml:13:22-74
31    <uses-permission android:name="android.permission.BROADCAST_CLOSE_SYSTEM_DIALOGS" />
31-->[:awesome_notifications] AndroidManifest.xml:10:5-89
31-->[:awesome_notifications] AndroidManifest.xml:10:22-86
32    <uses-permission android:name="android.permission.RECEIVE_BOOT_COMPLETED" />
32-->[:awesome_notifications] AndroidManifest.xml:11:5-81
32-->[:awesome_notifications] AndroidManifest.xml:11:22-78
33    <uses-permission android:name="android.permission.VIBRATE" />
33-->[:awesome_notifications] AndroidManifest.xml:12:5-66
33-->[:awesome_notifications] AndroidManifest.xml:12:22-63
34    <uses-permission android:name="android.permission.ACCESS_COARSE_LOCATION" />
34-->[:location] AndroidManifest.xml:9:5-81
34-->[:location] AndroidManifest.xml:9:22-78
35    <uses-permission android:name="android.permission.ACCESS_FINE_LOCATION" /> <!-- Required by older versions of Google Play services to create IID tokens -->
35-->[:location] AndroidManifest.xml:10:5-79
35-->[:location] AndroidManifest.xml:10:22-76
36    <uses-permission android:name="com.google.android.c2dm.permission.RECEIVE" />
36-->[com.google.firebase:firebase-iid:21.1.0] AndroidManifest.xml:26:5-82
36-->[com.google.firebase:firebase-iid:21.1.0] AndroidManifest.xml:26:22-79
37    <uses-permission android:name="com.google.android.gms.permission.AD_ID" />
37-->[com.google.android.gms:play-services-measurement-api:21.6.1] AndroidManifest.xml:25:5-79
37-->[com.google.android.gms:play-services-measurement-api:21.6.1] AndroidManifest.xml:25:22-76
38    <uses-permission android:name="android.permission.ACCESS_ADSERVICES_ATTRIBUTION" />
38-->[com.google.android.gms:play-services-measurement-api:21.6.1] AndroidManifest.xml:26:5-88
38-->[com.google.android.gms:play-services-measurement-api:21.6.1] AndroidManifest.xml:26:22-85
39    <uses-permission android:name="android.permission.ACCESS_ADSERVICES_AD_ID" />
39-->[com.google.android.gms:play-services-measurement-api:21.6.1] AndroidManifest.xml:27:5-82
39-->[com.google.android.gms:play-services-measurement-api:21.6.1] AndroidManifest.xml:27:22-79
40    <uses-permission
40-->[me.carda:AndroidAwnCore:0.9.3] AndroidManifest.xml:10:5-12:38
41        android:name="android.permission.BIND_NOTIFICATION_LISTENER_SERVICE"
41-->[me.carda:AndroidAwnCore:0.9.3] AndroidManifest.xml:11:9-77
42        android:maxSdkVersion="22" />
42-->[me.carda:AndroidAwnCore:0.9.3] AndroidManifest.xml:12:9-35
43
44    <uses-feature
44-->[com.google.android.gms:play-services-maps:18.2.0] AndroidManifest.xml:26:5-28:35
45        android:glEsVersion="0x00020000"
45-->[com.google.android.gms:play-services-maps:18.2.0] AndroidManifest.xml:27:9-41
46        android:required="true" />
46-->[com.google.android.gms:play-services-maps:18.2.0] AndroidManifest.xml:28:9-32
47
48    <uses-permission android:name="com.google.android.finsky.permission.BIND_GET_INSTALL_REFERRER_SERVICE" />
48-->[com.google.android.gms:play-services-measurement:21.6.1] AndroidManifest.xml:26:5-110
48-->[com.google.android.gms:play-services-measurement:21.6.1] AndroidManifest.xml:26:22-107
49    <uses-permission android:name="com.google.android.providers.gsf.permission.READ_GSERVICES" />
49-->[com.google.android.recaptcha:recaptcha:18.4.0] AndroidManifest.xml:9:5-98
49-->[com.google.android.recaptcha:recaptcha:18.4.0] AndroidManifest.xml:9:22-95
50
51    <permission
51-->[androidx.core:core:1.10.1] AndroidManifest.xml:22:5-24:47
52        android:name="com.example.first_app.DYNAMIC_RECEIVER_NOT_EXPORTED_PERMISSION"
52-->[androidx.core:core:1.10.1] AndroidManifest.xml:23:9-81
53        android:protectionLevel="signature" />
53-->[androidx.core:core:1.10.1] AndroidManifest.xml:24:9-44
54
55    <uses-permission android:name="com.example.first_app.DYNAMIC_RECEIVER_NOT_EXPORTED_PERMISSION" /> <!-- for android -->
55-->[androidx.core:core:1.10.1] AndroidManifest.xml:26:5-97
55-->[androidx.core:core:1.10.1] AndroidManifest.xml:26:22-94
56    <!-- <uses-permission android:name="com.android.launcher.permission.READ_SETTINGS"/> -->
57    <!-- <uses-permission android:name="com.android.launcher.permission.WRITE_SETTINGS"/> -->
58    <!-- <uses-permission android:name="com.android.launcher.permission.INSTALL_SHORTCUT" /> -->
59    <!-- <uses-permission android:name="com.android.launcher.permission.UNINSTALL_SHORTCUT" /> -->
60    <!-- for Samsung -->
61    <uses-permission android:name="com.sec.android.provider.badge.permission.READ" />
61-->[me.leolin:ShortcutBadger:1.1.22] AndroidManifest.xml:19:5-86
61-->[me.leolin:ShortcutBadger:1.1.22] AndroidManifest.xml:19:22-83
62    <uses-permission android:name="com.sec.android.provider.badge.permission.WRITE" /> <!-- for htc -->
62-->[me.leolin:ShortcutBadger:1.1.22] AndroidManifest.xml:20:5-87
62-->[me.leolin:ShortcutBadger:1.1.22] AndroidManifest.xml:20:22-84
63    <uses-permission android:name="com.htc.launcher.permission.READ_SETTINGS" />
63-->[me.leolin:ShortcutBadger:1.1.22] AndroidManifest.xml:23:5-81
63-->[me.leolin:ShortcutBadger:1.1.22] AndroidManifest.xml:23:22-78
64    <uses-permission android:name="com.htc.launcher.permission.UPDATE_SHORTCUT" /> <!-- for sony -->
64-->[me.leolin:ShortcutBadger:1.1.22] AndroidManifest.xml:24:5-83
64-->[me.leolin:ShortcutBadger:1.1.22] AndroidManifest.xml:24:22-80
65    <uses-permission android:name="com.sonyericsson.home.permission.BROADCAST_BADGE" />
65-->[me.leolin:ShortcutBadger:1.1.22] AndroidManifest.xml:27:5-88
65-->[me.leolin:ShortcutBadger:1.1.22] AndroidManifest.xml:27:22-85
66    <uses-permission android:name="com.sonymobile.home.permission.PROVIDER_INSERT_BADGE" /> <!-- for apex -->
66-->[me.leolin:ShortcutBadger:1.1.22] AndroidManifest.xml:28:5-92
66-->[me.leolin:ShortcutBadger:1.1.22] AndroidManifest.xml:28:22-89
67    <uses-permission android:name="com.anddoes.launcher.permission.UPDATE_COUNT" /> <!-- for solid -->
67-->[me.leolin:ShortcutBadger:1.1.22] AndroidManifest.xml:31:5-84
67-->[me.leolin:ShortcutBadger:1.1.22] AndroidManifest.xml:31:22-81
68    <uses-permission android:name="com.majeur.launcher.permission.UPDATE_BADGE" /> <!-- for huawei -->
68-->[me.leolin:ShortcutBadger:1.1.22] AndroidManifest.xml:34:5-83
68-->[me.leolin:ShortcutBadger:1.1.22] AndroidManifest.xml:34:22-80
69    <uses-permission android:name="com.huawei.android.launcher.permission.CHANGE_BADGE" />
69-->[me.leolin:ShortcutBadger:1.1.22] AndroidManifest.xml:37:5-91
69-->[me.leolin:ShortcutBadger:1.1.22] AndroidManifest.xml:37:22-88
70    <uses-permission android:name="com.huawei.android.launcher.permission.READ_SETTINGS" />
70-->[me.leolin:ShortcutBadger:1.1.22] AndroidManifest.xml:38:5-92
70-->[me.leolin:ShortcutBadger:1.1.22] AndroidManifest.xml:38:22-89
71    <uses-permission android:name="com.huawei.android.launcher.permission.WRITE_SETTINGS" /> <!-- for ZUK -->
71-->[me.leolin:ShortcutBadger:1.1.22] AndroidManifest.xml:39:5-93
71-->[me.leolin:ShortcutBadger:1.1.22] AndroidManifest.xml:39:22-90
72    <uses-permission android:name="android.permission.READ_APP_BADGE" /> <!-- for OPPO -->
72-->[me.leolin:ShortcutBadger:1.1.22] AndroidManifest.xml:42:5-73
72-->[me.leolin:ShortcutBadger:1.1.22] AndroidManifest.xml:42:22-70
73    <uses-permission android:name="com.oppo.launcher.permission.READ_SETTINGS" />
73-->[me.leolin:ShortcutBadger:1.1.22] AndroidManifest.xml:45:5-82
73-->[me.leolin:ShortcutBadger:1.1.22] AndroidManifest.xml:45:22-79
74    <uses-permission android:name="com.oppo.launcher.permission.WRITE_SETTINGS" /> <!-- for EvMe -->
74-->[me.leolin:ShortcutBadger:1.1.22] AndroidManifest.xml:46:5-83
74-->[me.leolin:ShortcutBadger:1.1.22] AndroidManifest.xml:46:22-80
75    <uses-permission android:name="me.everything.badger.permission.BADGE_COUNT_READ" />
75-->[me.leolin:ShortcutBadger:1.1.22] AndroidManifest.xml:49:5-88
75-->[me.leolin:ShortcutBadger:1.1.22] AndroidManifest.xml:49:22-85
76    <uses-permission android:name="me.everything.badger.permission.BADGE_COUNT_WRITE" />
76-->[me.leolin:ShortcutBadger:1.1.22] AndroidManifest.xml:50:5-89
76-->[me.leolin:ShortcutBadger:1.1.22] AndroidManifest.xml:50:22-86
77
78    <application
79        android:name="io.flutter.app.FlutterMultiDexApplication"
79-->src/main/AndroidManifest.xml:4:9-42
80        android:appComponentFactory="androidx.core.app.CoreComponentFactory"
80-->[androidx.core:core:1.10.1] AndroidManifest.xml:28:18-86
81        android:icon="@mipmap/ic_launcher"
81-->src/main/AndroidManifest.xml:5:9-43
82        android:label="first_app" >
82-->src/main/AndroidManifest.xml:3:9-34
83        <activity
83-->src/main/AndroidManifest.xml:6:9-26:20
84            android:name="com.example.first_app.MainActivity"
84-->src/main/AndroidManifest.xml:7:13-41
85            android:configChanges="orientation|keyboardHidden|keyboard|screenSize|smallestScreenSize|locale|layoutDirection|fontScale|screenLayout|density|uiMode"
85-->src/main/AndroidManifest.xml:11:13-163
86            android:exported="true"
86-->src/main/AndroidManifest.xml:8:13-36
87            android:hardwareAccelerated="true"
87-->src/main/AndroidManifest.xml:12:13-47
88            android:launchMode="singleTop"
88-->src/main/AndroidManifest.xml:9:13-43
89            android:theme="@style/LaunchTheme"
89-->src/main/AndroidManifest.xml:10:13-47
90            android:windowSoftInputMode="adjustResize" >
90-->src/main/AndroidManifest.xml:13:13-55
91
92            <!--
93                 Specifies an Android theme to apply to this Activity as soon as
94                 the Android process has started. This theme is visible to the user
95                 while the Flutter UI initializes. After that, this theme continues
96                 to determine the Window background behind the Flutter UI.
97            -->
98            <meta-data
98-->src/main/AndroidManifest.xml:18:13-21:17
99                android:name="io.flutter.embedding.android.NormalTheme"
99-->src/main/AndroidManifest.xml:19:15-70
100                android:resource="@style/NormalTheme" />
100-->src/main/AndroidManifest.xml:20:15-52
101
102            <intent-filter>
102-->src/main/AndroidManifest.xml:22:13-25:29
103                <action android:name="android.intent.action.MAIN" />
103-->src/main/AndroidManifest.xml:23:17-68
103-->src/main/AndroidManifest.xml:23:25-66
104
105                <category android:name="android.intent.category.LAUNCHER" />
105-->src/main/AndroidManifest.xml:24:17-76
105-->src/main/AndroidManifest.xml:24:27-74
106            </intent-filter>
107        </activity>
108        <!--
109             Don't delete the meta-data below.
110             This is used by the Flutter tool to generate GeneratedPluginRegistrant.java
111        -->
112        <meta-data
112-->src/main/AndroidManifest.xml:29:9-31:33
113            android:name="flutterEmbedding"
113-->src/main/AndroidManifest.xml:30:13-44
114            android:value="2" />
114-->src/main/AndroidManifest.xml:31:13-30
115        <meta-data
115-->src/main/AndroidManifest.xml:32:13-33:80
116            android:name="com.google.android.geo.API_KEY"
116-->src/main/AndroidManifest.xml:32:24-71
117            android:value="AIzaSyBs-rqqUizowhqPaA3Iwb0bot-KP0HspK4" />
117-->src/main/AndroidManifest.xml:33:21-78
118
119        <service
119-->[:firebase_auth] AndroidManifest.xml:10:9-14:19
120            android:name="com.google.firebase.components.ComponentDiscoveryService"
120-->[:firebase_auth] AndroidManifest.xml:10:18-89
121            android:directBootAware="true"
121-->[com.google.firebase:firebase-common:20.4.3] AndroidManifest.xml:32:13-43
122            android:exported="false" >
122-->[com.google.firebase:firebase-auth:22.3.1] AndroidManifest.xml:68:13-37
123            <meta-data
123-->[:firebase_auth] AndroidManifest.xml:11:13-13:85
124                android:name="com.google.firebase.components:io.flutter.plugins.firebase.auth.FlutterFirebaseAuthRegistrar"
124-->[:firebase_auth] AndroidManifest.xml:12:17-124
125                android:value="com.google.firebase.components.ComponentRegistrar" />
125-->[:firebase_auth] AndroidManifest.xml:13:17-82
126            <meta-data
126-->[:firebase_database] AndroidManifest.xml:11:13-13:85
127                android:name="com.google.firebase.components:io.flutter.plugins.firebase.database.FlutterFirebaseAppRegistrar"
127-->[:firebase_database] AndroidManifest.xml:12:17-127
128                android:value="com.google.firebase.components.ComponentRegistrar" />
128-->[:firebase_database] AndroidManifest.xml:13:17-82
129            <meta-data
129-->[:firebase_messaging] AndroidManifest.xml:38:13-40:85
130                android:name="com.google.firebase.components:io.flutter.plugins.firebase.messaging.FlutterFirebaseAppRegistrar"
130-->[:firebase_messaging] AndroidManifest.xml:39:17-128
131                android:value="com.google.firebase.components.ComponentRegistrar" />
131-->[:firebase_messaging] AndroidManifest.xml:40:17-82
132            <meta-data
132-->[:firebase_core] AndroidManifest.xml:11:13-13:85
133                android:name="com.google.firebase.components:io.flutter.plugins.firebase.core.FlutterFirebaseCoreRegistrar"
133-->[:firebase_core] AndroidManifest.xml:12:17-124
134                android:value="com.google.firebase.components.ComponentRegistrar" />
134-->[:firebase_core] AndroidManifest.xml:13:17-82
135            <meta-data
135-->[com.google.firebase:firebase-auth:22.3.1] AndroidManifest.xml:69:13-71:85
136                android:name="com.google.firebase.components:com.google.firebase.auth.FirebaseAuthRegistrar"
136-->[com.google.firebase:firebase-auth:22.3.1] AndroidManifest.xml:70:17-109
137                android:value="com.google.firebase.components.ComponentRegistrar" />
137-->[com.google.firebase:firebase-auth:22.3.1] AndroidManifest.xml:71:17-82
138            <meta-data
138-->[com.google.firebase:firebase-database:20.3.1] AndroidManifest.xml:29:13-31:85
139                android:name="com.google.firebase.components:com.google.firebase.database.FirebaseDatabaseKtxRegistrar"
139-->[com.google.firebase:firebase-database:20.3.1] AndroidManifest.xml:30:17-120
140                android:value="com.google.firebase.components.ComponentRegistrar" />
140-->[com.google.firebase:firebase-database:20.3.1] AndroidManifest.xml:31:17-82
141            <meta-data
141-->[com.google.firebase:firebase-database:20.3.1] AndroidManifest.xml:32:13-34:85
142                android:name="com.google.firebase.components:com.google.firebase.database.DatabaseRegistrar"
142-->[com.google.firebase:firebase-database:20.3.1] AndroidManifest.xml:33:17-109
143                android:value="com.google.firebase.components.ComponentRegistrar" />
143-->[com.google.firebase:firebase-database:20.3.1] AndroidManifest.xml:34:17-82
144            <meta-data
144-->[com.google.firebase:firebase-iid:21.1.0] AndroidManifest.xml:32:13-34:85
145                android:name="com.google.firebase.components:com.google.firebase.iid.Registrar"
145-->[com.google.firebase:firebase-iid:21.1.0] AndroidManifest.xml:33:17-96
146                android:value="com.google.firebase.components.ComponentRegistrar" />
146-->[com.google.firebase:firebase-iid:21.1.0] AndroidManifest.xml:34:17-82
147            <meta-data
147-->[com.google.firebase:firebase-messaging:23.4.1] AndroidManifest.xml:57:13-59:85
148                android:name="com.google.firebase.components:com.google.firebase.messaging.FirebaseMessagingKtxRegistrar"
148-->[com.google.firebase:firebase-messaging:23.4.1] AndroidManifest.xml:58:17-122
149                android:value="com.google.firebase.components.ComponentRegistrar" />
149-->[com.google.firebase:firebase-messaging:23.4.1] AndroidManifest.xml:59:17-82
150            <meta-data
150-->[com.google.firebase:firebase-messaging:23.4.1] AndroidManifest.xml:60:13-62:85
151                android:name="com.google.firebase.components:com.google.firebase.messaging.FirebaseMessagingRegistrar"
151-->[com.google.firebase:firebase-messaging:23.4.1] AndroidManifest.xml:61:17-119
152                android:value="com.google.firebase.components.ComponentRegistrar" />
152-->[com.google.firebase:firebase-messaging:23.4.1] AndroidManifest.xml:62:17-82
153            <meta-data
153-->[com.google.android.gms:play-services-measurement-api:21.6.1] AndroidManifest.xml:37:13-39:85
154                android:name="com.google.firebase.components:com.google.firebase.analytics.connector.internal.AnalyticsConnectorRegistrar"
154-->[com.google.android.gms:play-services-measurement-api:21.6.1] AndroidManifest.xml:38:17-139
155                android:value="com.google.firebase.components.ComponentRegistrar" />
155-->[com.google.android.gms:play-services-measurement-api:21.6.1] AndroidManifest.xml:39:17-82
156            <meta-data
156-->[com.google.firebase:firebase-installations:17.2.0] AndroidManifest.xml:15:13-17:85
157                android:name="com.google.firebase.components:com.google.firebase.installations.FirebaseInstallationsKtxRegistrar"
157-->[com.google.firebase:firebase-installations:17.2.0] AndroidManifest.xml:16:17-130
158                android:value="com.google.firebase.components.ComponentRegistrar" />
158-->[com.google.firebase:firebase-installations:17.2.0] AndroidManifest.xml:17:17-82
159            <meta-data
159-->[com.google.firebase:firebase-installations:17.2.0] AndroidManifest.xml:18:13-20:85
160                android:name="com.google.firebase.components:com.google.firebase.installations.FirebaseInstallationsRegistrar"
160-->[com.google.firebase:firebase-installations:17.2.0] AndroidManifest.xml:19:17-127
161                android:value="com.google.firebase.components.ComponentRegistrar" />
161-->[com.google.firebase:firebase-installations:17.2.0] AndroidManifest.xml:20:17-82
162            <meta-data
162-->[com.google.firebase:firebase-common-ktx:20.4.3] AndroidManifest.xml:12:13-14:85
163                android:name="com.google.firebase.components:com.google.firebase.ktx.FirebaseCommonLegacyRegistrar"
163-->[com.google.firebase:firebase-common-ktx:20.4.3] AndroidManifest.xml:13:17-116
164                android:value="com.google.firebase.components.ComponentRegistrar" />
164-->[com.google.firebase:firebase-common-ktx:20.4.3] AndroidManifest.xml:14:17-82
165            <meta-data
165-->[com.google.firebase:firebase-common:20.4.3] AndroidManifest.xml:35:13-37:85
166                android:name="com.google.firebase.components:com.google.firebase.FirebaseCommonKtxRegistrar"
166-->[com.google.firebase:firebase-common:20.4.3] AndroidManifest.xml:36:17-109
167                android:value="com.google.firebase.components.ComponentRegistrar" />
167-->[com.google.firebase:firebase-common:20.4.3] AndroidManifest.xml:37:17-82
168            <meta-data
168-->[com.google.firebase:firebase-datatransport:18.1.7] AndroidManifest.xml:27:13-29:85
169                android:name="com.google.firebase.components:com.google.firebase.datatransport.TransportRegistrar"
169-->[com.google.firebase:firebase-datatransport:18.1.7] AndroidManifest.xml:28:17-115
170                android:value="com.google.firebase.components.ComponentRegistrar" />
170-->[com.google.firebase:firebase-datatransport:18.1.7] AndroidManifest.xml:29:17-82
171        </service>
172        <service
172-->[:firebase_messaging] AndroidManifest.xml:16:9-19:72
173            android:name="io.flutter.plugins.firebase.messaging.FlutterFirebaseMessagingBackgroundService"
173-->[:firebase_messaging] AndroidManifest.xml:17:13-107
174            android:exported="false"
174-->[:firebase_messaging] AndroidManifest.xml:18:13-37
175            android:permission="android.permission.BIND_JOB_SERVICE" />
175-->[:firebase_messaging] AndroidManifest.xml:19:13-69
176        <service
176-->[:firebase_messaging] AndroidManifest.xml:20:9-26:19
177            android:name="io.flutter.plugins.firebase.messaging.FlutterFirebaseMessagingService"
177-->[:firebase_messaging] AndroidManifest.xml:21:13-97
178            android:exported="false" >
178-->[:firebase_messaging] AndroidManifest.xml:22:13-37
179            <intent-filter>
179-->[:firebase_messaging] AndroidManifest.xml:23:13-25:29
180                <action android:name="com.google.firebase.MESSAGING_EVENT" />
180-->[:firebase_messaging] AndroidManifest.xml:24:17-78
180-->[:firebase_messaging] AndroidManifest.xml:24:25-75
181            </intent-filter>
182        </service>
183
184        <receiver
184-->[:firebase_messaging] AndroidManifest.xml:28:9-35:20
185            android:name="io.flutter.plugins.firebase.messaging.FlutterFirebaseMessagingReceiver"
185-->[:firebase_messaging] AndroidManifest.xml:29:13-98
186            android:exported="true"
186-->[:firebase_messaging] AndroidManifest.xml:30:13-36
187            android:permission="com.google.android.c2dm.permission.SEND" >
187-->[:firebase_messaging] AndroidManifest.xml:31:13-73
188            <intent-filter>
188-->[:firebase_messaging] AndroidManifest.xml:32:13-34:29
189                <action android:name="com.google.android.c2dm.intent.RECEIVE" />
189-->[:firebase_messaging] AndroidManifest.xml:33:17-81
189-->[:firebase_messaging] AndroidManifest.xml:33:25-78
190            </intent-filter>
191        </receiver>
192
193        <provider
193-->[:firebase_messaging] AndroidManifest.xml:43:9-47:38
194            android:name="io.flutter.plugins.firebase.messaging.FlutterFirebaseMessagingInitProvider"
194-->[:firebase_messaging] AndroidManifest.xml:44:13-102
195            android:authorities="com.example.first_app.flutterfirebasemessaginginitprovider"
195-->[:firebase_messaging] AndroidManifest.xml:45:13-88
196            android:exported="false"
196-->[:firebase_messaging] AndroidManifest.xml:46:13-37
197            android:initOrder="99" />
197-->[:firebase_messaging] AndroidManifest.xml:47:13-35
198
199        <receiver
199-->[:awesome_notifications] AndroidManifest.xml:15:9-17:39
200            android:name="me.carda.awesome_notifications.DartNotificationActionReceiver"
200-->[:awesome_notifications] AndroidManifest.xml:16:13-89
201            android:exported="true" />
201-->[:awesome_notifications] AndroidManifest.xml:17:13-36
202        <receiver
202-->[:awesome_notifications] AndroidManifest.xml:18:9-20:39
203            android:name="me.carda.awesome_notifications.DartDismissedNotificationReceiver"
203-->[:awesome_notifications] AndroidManifest.xml:19:13-92
204            android:exported="true" />
204-->[:awesome_notifications] AndroidManifest.xml:20:13-36
205        <receiver
205-->[:awesome_notifications] AndroidManifest.xml:21:9-23:39
206            android:name="me.carda.awesome_notifications.DartScheduledNotificationReceiver"
206-->[:awesome_notifications] AndroidManifest.xml:22:13-92
207            android:exported="true" />
207-->[:awesome_notifications] AndroidManifest.xml:23:13-36
208        <receiver
208-->[:awesome_notifications] AndroidManifest.xml:24:9-38:20
209            android:name="me.carda.awesome_notifications.DartRefreshSchedulesReceiver"
209-->[:awesome_notifications] AndroidManifest.xml:25:13-87
210            android:enabled="true"
210-->[:awesome_notifications] AndroidManifest.xml:26:13-35
211            android:exported="true" >
211-->[:awesome_notifications] AndroidManifest.xml:27:13-36
212            <intent-filter>
212-->[:awesome_notifications] AndroidManifest.xml:28:13-37:29
213                <category android:name="android.intent.category.DEFAULT" />
213-->[:awesome_notifications] AndroidManifest.xml:29:17-76
213-->[:awesome_notifications] AndroidManifest.xml:29:27-73
214
215                <action android:name="android.intent.action.BOOT_COMPLETED" />
215-->[:awesome_notifications] AndroidManifest.xml:31:17-79
215-->[:awesome_notifications] AndroidManifest.xml:31:25-76
216                <action android:name="android.intent.action.LOCKED_BOOT_COMPLETED" />
216-->[:awesome_notifications] AndroidManifest.xml:32:17-86
216-->[:awesome_notifications] AndroidManifest.xml:32:25-83
217                <action android:name="android.intent.action.MY_PACKAGE_REPLACED" />
217-->[:awesome_notifications] AndroidManifest.xml:33:17-84
217-->[:awesome_notifications] AndroidManifest.xml:33:25-81
218                <action android:name="android.intent.action.QUICKBOOT_POWERON" />
218-->[:awesome_notifications] AndroidManifest.xml:34:17-82
218-->[:awesome_notifications] AndroidManifest.xml:34:25-79
219                <action android:name="com.htc.intent.action.QUICKBOOT_POWERON" />
219-->[:awesome_notifications] AndroidManifest.xml:35:17-82
219-->[:awesome_notifications] AndroidManifest.xml:35:25-79
220                <action android:name="android.app.action.SCHEDULE_EXACT_ALARM_PERMISSION_STATE_CHANGED" />
220-->[:awesome_notifications] AndroidManifest.xml:36:17-107
220-->[:awesome_notifications] AndroidManifest.xml:36:25-104
221            </intent-filter>
222        </receiver>
223
224        <service
224-->[:awesome_notifications] AndroidManifest.xml:40:9-43:72
225            android:name="me.carda.awesome_notifications.DartBackgroundService"
225-->[:awesome_notifications] AndroidManifest.xml:41:13-80
226            android:exported="false"
226-->[:awesome_notifications] AndroidManifest.xml:42:13-37
227            android:permission="android.permission.BIND_JOB_SERVICE" />
227-->[:awesome_notifications] AndroidManifest.xml:43:13-69
228        <service
228-->[:awesome_notifications] AndroidManifest.xml:44:9-49:43
229            android:name="me.carda.awesome_notifications.core.services.ForegroundService"
229-->[:awesome_notifications] AndroidManifest.xml:45:13-90
230            android:enabled="true"
230-->[:awesome_notifications] AndroidManifest.xml:46:13-35
231            android:exported="false"
231-->[:awesome_notifications] AndroidManifest.xml:47:13-37
232            android:foregroundServiceType="phoneCall"
232-->[:awesome_notifications] AndroidManifest.xml:48:13-54
233            android:stopWithTask="true" />
233-->[:awesome_notifications] AndroidManifest.xml:49:13-40
234        <service
234-->[:location] AndroidManifest.xml:13:9-17:56
235            android:name="com.lyokone.location.FlutterLocationService"
235-->[:location] AndroidManifest.xml:14:13-71
236            android:enabled="true"
236-->[:location] AndroidManifest.xml:15:13-35
237            android:exported="false"
237-->[:location] AndroidManifest.xml:16:13-37
238            android:foregroundServiceType="location" />
238-->[:location] AndroidManifest.xml:17:13-53
239
240        <activity
240-->[com.google.firebase:firebase-auth:22.3.1] AndroidManifest.xml:29:9-46:20
241            android:name="com.google.firebase.auth.internal.GenericIdpActivity"
241-->[com.google.firebase:firebase-auth:22.3.1] AndroidManifest.xml:30:13-80
242            android:excludeFromRecents="true"
242-->[com.google.firebase:firebase-auth:22.3.1] AndroidManifest.xml:31:13-46
243            android:exported="true"
243-->[com.google.firebase:firebase-auth:22.3.1] AndroidManifest.xml:32:13-36
244            android:launchMode="singleTask"
244-->[com.google.firebase:firebase-auth:22.3.1] AndroidManifest.xml:33:13-44
245            android:theme="@android:style/Theme.Translucent.NoTitleBar" >
245-->[com.google.firebase:firebase-auth:22.3.1] AndroidManifest.xml:34:13-72
246            <intent-filter>
246-->[com.google.firebase:firebase-auth:22.3.1] AndroidManifest.xml:35:13-45:29
247                <action android:name="android.intent.action.VIEW" />
247-->[com.google.firebase:firebase-auth:22.3.1] AndroidManifest.xml:36:17-69
247-->[com.google.firebase:firebase-auth:22.3.1] AndroidManifest.xml:36:25-66
248
249                <category android:name="android.intent.category.DEFAULT" />
249-->[:awesome_notifications] AndroidManifest.xml:29:17-76